[debug] [2026-02-07T15:57:38.963Z] ----------------------------------------------------------------------
[debug] [2026-02-07T15:57:38.972Z] Command:       C:\Program Files\nodejs\node.exe C:\Users\nithi\AppData\Roaming\npm\node_modules\firebase-tools\lib\bin\firebase.js init hosting
[debug] [2026-02-07T15:57:38.974Z] CLI Version:   15.5.1
[debug] [2026-02-07T15:57:38.974Z] Platform:      win32
[debug] [2026-02-07T15:57:38.975Z] Node Version:  v22.14.0
[debug] [2026-02-07T15:57:38.976Z] Time:          Sat Feb 07 2026 21:27:38 GMT+0530 (India Standard Time)
[debug] [2026-02-07T15:57:38.976Z] ----------------------------------------------------------------------
[debug] 
[info] 
     ######## #### ########  ######## ########     ###     ######  ########
     ##        ##  ##     ## ##       ##     ##  ##   ##  ##       ##
     ######    ##  ########  ######   ########  #########  ######  ######
     ##        ##  ##    ##  ##       ##     ## ##     ##       ## ##
     ##       #### ##     ## ######## ########  ##     ##  ######  ########

You're about to initialize a Firebase project in this directory:

  C:\Users\nithi\Desktop\Hackathon

[info] 
=== Project Setup
[info] 
[info] First, let's associate this project directory with a Firebase project.
[info] You can create multiple project aliases by running firebase use --add, 
[info] 
[debug] [2026-02-07T15:59:25.027Z] > command requires scopes: ["email","openid","https://www.googleapis.com/auth/cloudplatformprojects.readonly","https://www.googleapis.com/auth/firebase","https://www.googleapis.com/auth/cloud-platform"]
[debug] [2026-02-07T15:59:25.028Z] > authorizing via signed-in user (nithishchandras.aids2023@citchennai.net)
[debug] [2026-02-07T15:59:25.032Z] Checked if tokens are valid: true, expires at: 1770483219089
[debug] [2026-02-07T15:59:25.033Z] Checked if tokens are valid: true, expires at: 1770483219089
[debug] [2026-02-07T15:59:25.037Z] >>> [apiv2][query] GET https://firebase.googleapis.com/v1beta1/projects pageSize=100
[debug] [2026-02-07T15:59:26.106Z] <<< [apiv2][status] GET https://firebase.googleapis.com/v1beta1/projects 200
[debug] [2026-02-07T15:59:26.107Z] <<< [apiv2][body] GET https://firebase.googleapis.com/v1beta1/projects [omitted]
[info] 
=== Hosting Setup
[debug] [2026-02-07T15:59:35.439Z] Checked if tokens are valid: true, expires at: 1770483219089
[debug] [2026-02-07T15:59:35.440Z] Checked if tokens are valid: true, expires at: 1770483219089
[debug] [2026-02-07T15:59:35.440Z] >>> [apiv2][query] GET https://firebase.googleapis.com/v1beta1/projects/project-10c78 [none]
[debug] [2026-02-07T15:59:35.919Z] <<< [apiv2][status] GET https://firebase.googleapis.com/v1beta1/projects/project-10c78 200
[debug] [2026-02-07T15:59:35.919Z] <<< [apiv2][body] GET https://firebase.googleapis.com/v1beta1/projects/project-10c78 {"projectId":"project-10c78","projectNumber":"1063199502680","displayName":"PROJECT !","name":"projects/project-10c78","resources":{"hostingSite":"project-10c78"},"state":"ACTIVE","etag":"1_6d0a0422-900a-43d4-a1b9-b571a401d787"}
[info] 
[info] Your public directory is the folder (relative to your project directory) that
[info] will contain Hosting assets to be uploaded with firebase deploy. If you
[info] have a build process for your assets, use your build's output directory.
[info] 
[debug] [2026-02-07T16:04:36.457Z] ExitPromptError: User force closed the prompt with SIGINT
    at Interface.sigint (C:\Users\nithi\AppData\Roaming\npm\node_modules\firebase-tools\node_modules\@inquirer\core\dist\commonjs\lib\create-prompt.js:101:37)
    at Interface.emit (node:events:518:28)
    at [_ttyWrite] [as _ttyWrite] (node:internal/readline/interface:1124:18)
    at ReadStream.onkeypress (node:internal/readline/interface:263:20)
    at ReadStream.emit (node:events:530:35)
    at emitKeys (node:internal/readline/utils:370:14)
    at emitKeys.next (<anonymous>)
    at ReadStream.onData (node:internal/readline/emitKeypressEvents:64:36)
    at ReadStream.emit (node:events:518:28)
    at addChunk (node:internal/streams/readable:561:12)
[error] 
[error] Error: An unexpected error has occurred.
